TN:
SF:database.js
FN:9,initDatabase
FN:29,createTables
FN:131,getAllApps
FN:146,getApplicationsByCategory
FN:161,getFavoriteApplications
FN:176,getRecentlyUsedApplications
FN:192,getMostUsedApplications
FN:208,searchApplications
FN:230,addApp
FN:265,updateApplication
FN:311,deleteApplication
FN:338,getCategories
FN:350,updateApplicationUsage
FN:375,getApplicationById
FN:390,closeDatabase
FNF:15
FNH:0
FNDA:0,initDatabase
FNDA:0,createTables
FNDA:0,getAllApps
FNDA:0,getApplicationsByCategory
FNDA:0,getFavoriteApplications
FNDA:0,getRecentlyUsedApplications
FNDA:0,getMostUsedApplications
FNDA:0,searchApplications
FNDA:0,addApp
FNDA:0,updateApplication
FNDA:0,deleteApplication
FNDA:0,getCategories
FNDA:0,updateApplicationUsage
FNDA:0,getApplicationById
FNDA:0,closeDatabase
DA:1,0
DA:2,0
DA:3,0
DA:10,0
DA:12,0
DA:14,0
DA:15,0
DA:18,0
DA:20,0
DA:21,0
DA:23,0
DA:24,0
DA:30,0
DA:32,0
DA:39,0
DA:62,0
DA:63,0
DA:66,0
DA:67,0
DA:72,0
DA:78,0
DA:87,0
DA:95,0
DA:104,0
DA:117,0
DA:119,0
DA:120,0
DA:123,0
DA:125,0
DA:126,0
DA:132,0
DA:133,0
DA:141,0
DA:142,0
DA:147,0
DA:148,0
DA:156,0
DA:157,0
DA:162,0
DA:163,0
DA:171,0
DA:172,0
DA:177,0
DA:178,0
DA:187,0
DA:188,0
DA:193,0
DA:194,0
DA:203,0
DA:204,0
DA:209,0
DA:210,0
DA:211,0
DA:225,0
DA:226,0
DA:231,0
DA:232,0
DA:241,0
DA:258,0
DA:260,0
DA:261,0
DA:266,0
DA:267,0
DA:286,0
DA:304,0
DA:306,0
DA:307,0
DA:312,0
DA:314,0
DA:316,0
DA:318,0
DA:319,0
DA:322,0
DA:325,0
DA:326,0
DA:329,0
DA:330,0
DA:333,0
DA:334,0
DA:339,0
DA:340,0
DA:345,0
DA:346,0
DA:351,0
DA:352,0
DA:355,0
DA:363,0
DA:368,0
DA:370,0
DA:371,0
DA:376,0
DA:377,0
DA:384,0
DA:385,0
DA:391,0
DA:392,0
DA:393,0
DA:394,0
DA:397,0
DA:398,0
DA:402,0
LF:101
LH:0
BRDA:66,0,0,0
BRDA:66,0,1,0
BRDA:176,1,0,0
BRDA:192,2,0,0
BRDA:244,3,0,0
BRDA:244,3,1,0
BRDA:254,4,0,0
BRDA:254,4,1,0
BRDA:255,5,0,0
BRDA:255,5,1,0
BRDA:289,6,0,0
BRDA:289,6,1,0
BRDA:299,7,0,0
BRDA:299,7,1,0
BRDA:300,8,0,0
BRDA:300,8,1,0
BRDA:392,9,0,0
BRDA:392,9,1,0
BRF:18
BRH:0
end_of_record
TN:
SF:functions.js
FN:4,powerDownApp
FNF:1
FNH:0
FNDA:0,powerDownApp
DA:1,0
DA:5,0
DA:8,0
LF:3
LH:0
BRF:0
BRH:0
end_of_record
TN:
SF:settings.js
FN:4,initStore
FN:39,calculateIconSize
FN:63,(anonymous_2)
FN:67,(anonymous_3)
FN:71,(anonymous_4)
FN:75,(anonymous_5)
FN:79,(anonymous_6)
FN:84,(anonymous_7)
FN:93,(anonymous_8)
FNF:9
FNH:0
FNDA:0,initStore
FNDA:0,calculateIconSize
FNDA:0,(anonymous_2)
FNDA:0,(anonymous_3)
FNDA:0,(anonymous_4)
FNDA:0,(anonymous_5)
FNDA:0,(anonymous_6)
FNDA:0,(anonymous_7)
FNDA:0,(anonymous_8)
DA:5,0
DA:6,0
DA:7,0
DA:31,0
DA:33,0
DA:34,0
DA:43,0
DA:44,0
DA:45,0
DA:46,0
DA:49,0
DA:52,0
DA:55,0
DA:58,0
DA:62,0
DA:64,0
DA:65,0
DA:68,0
DA:69,0
DA:72,0
DA:73,0
DA:76,0
DA:77,0
DA:80,0
DA:81,0
DA:82,0
DA:85,0
DA:86,0
DA:89,0
DA:90,0
DA:94,0
DA:97,0
DA:98,0
DA:99,0
DA:100,0
DA:101,0
DA:104,0
LF:37
LH:0
BRDA:49,0,0,0
BRDA:49,0,1,0
BRDA:64,1,0,0
BRDA:64,1,1,0
BRDA:68,2,0,0
BRDA:68,2,1,0
BRDA:72,3,0,0
BRDA:72,3,1,0
BRDA:76,4,0,0
BRDA:76,4,1,0
BRDA:80,5,0,0
BRDA:80,5,1,0
BRDA:82,6,0,0
BRDA:82,6,1,0
BRDA:85,7,0,0
BRDA:85,7,1,0
BRDA:89,8,0,0
BRDA:89,8,1,0
BRDA:94,9,0,0
BRDA:94,9,1,0
BRDA:97,10,0,0
BRDA:97,10,1,0
BRDA:97,11,0,0
BRDA:97,11,1,0
BRF:24
BRH:0
end_of_record
