TN:
SF:database.js
FN:9,initDatabase
FN:29,createTables
FN:131,getAllApps
FN:146,getApplicationsByCategory
FN:161,getFavoriteApplications
FN:176,getRecentlyUsedApplications
FN:192,getMostUsedApplications
FN:208,searchApplications
FN:230,addApp
FN:265,updateApplication
FN:311,deleteApplication
FN:338,getCategories
FN:350,updateApplicationUsage
FN:375,getApplicationById
FN:390,closeDatabase
FNF:15
FNH:13
FNDA:1,initDatabase
FNDA:1,createTables
FNDA:1,getAllApps
FNDA:1,getApplicationsByCategory
FNDA:1,getFavoriteApplications
FNDA:2,getRecentlyUsedApplications
FNDA:2,getMostUsedApplications
FNDA:2,searchApplications
FNDA:2,addApp
FNDA:2,updateApplication
FNDA:1,deleteApplication
FNDA:0,getCategories
FNDA:0,updateApplicationUsage
FNDA:1,getApplicationById
FNDA:2,closeDatabase
DA:1,2
DA:2,2
DA:3,2
DA:10,1
DA:12,1
DA:14,1
DA:15,1
DA:18,1
DA:20,1
DA:21,1
DA:23,0
DA:24,0
DA:30,1
DA:32,1
DA:39,1
DA:62,1
DA:63,1
DA:66,0
DA:67,0
DA:72,1
DA:78,1
DA:87,1
DA:95,1
DA:104,1
DA:117,1
DA:119,1
DA:120,10
DA:123,1
DA:125,0
DA:126,0
DA:132,1
DA:133,1
DA:141,0
DA:142,0
DA:147,1
DA:148,1
DA:156,0
DA:157,0
DA:162,1
DA:163,1
DA:171,0
DA:172,0
DA:177,2
DA:178,2
DA:187,0
DA:188,0
DA:193,2
DA:194,2
DA:203,0
DA:204,0
DA:209,2
DA:210,2
DA:211,2
DA:225,0
DA:226,0
DA:231,2
DA:232,2
DA:241,2
DA:258,2
DA:260,0
DA:261,0
DA:266,2
DA:267,2
DA:286,2
DA:304,2
DA:306,0
DA:307,0
DA:312,1
DA:314,1
DA:316,1
DA:318,1
DA:319,1
DA:322,1
DA:325,1
DA:326,1
DA:329,0
DA:330,0
DA:333,0
DA:334,0
DA:339,0
DA:340,0
DA:345,0
DA:346,0
DA:351,0
DA:352,0
DA:355,0
DA:363,0
DA:368,0
DA:370,0
DA:371,0
DA:376,1
DA:377,1
DA:384,0
DA:385,0
DA:391,2
DA:392,2
DA:393,2
DA:394,1
DA:397,1
DA:398,1
DA:403,2
DA:405,2
LF:102
LH:63
BRDA:66,0,0,0
BRDA:66,0,1,0
BRDA:176,1,0,1
BRDA:192,2,0,1
BRDA:244,3,0,0
BRDA:244,3,1,2
BRDA:254,4,0,0
BRDA:254,4,1,2
BRDA:255,5,0,0
BRDA:255,5,1,2
BRDA:289,6,0,2
BRDA:289,6,1,0
BRDA:299,7,0,0
BRDA:299,7,1,2
BRDA:300,8,0,0
BRDA:300,8,1,2
BRDA:392,9,0,2
BRDA:392,9,1,0
BRF:18
BRH:9
end_of_record
TN:
SF:functions.js
FN:4,powerDownApp
FNF:1
FNH:1
FNDA:1,powerDownApp
DA:1,1
DA:5,1
DA:8,1
LF:3
LH:3
BRF:0
BRH:0
end_of_record
TN:
SF:settings.js
FN:4,initStore
FN:39,calculateIconSize
FN:63,(anonymous_2)
FN:67,(anonymous_3)
FN:71,(anonymous_4)
FN:75,(anonymous_5)
FN:79,(anonymous_6)
FN:84,(anonymous_7)
FN:93,(anonymous_8)
FNF:9
FNH:9
FNDA:1,initStore
FNDA:2,calculateIconSize
FNDA:1,(anonymous_2)
FNDA:1,(anonymous_3)
FNDA:1,(anonymous_4)
FNDA:1,(anonymous_5)
FNDA:2,(anonymous_6)
FNDA:2,(anonymous_7)
FNDA:3,(anonymous_8)
DA:5,1
DA:6,1
DA:7,1
DA:31,1
DA:33,0
DA:34,0
DA:43,2
DA:44,2
DA:45,2
DA:46,2
DA:49,2
DA:52,2
DA:55,2
DA:58,2
DA:62,1
DA:64,1
DA:65,1
DA:68,1
DA:69,1
DA:72,1
DA:73,1
DA:76,1
DA:77,1
DA:80,2
DA:81,2
DA:82,2
DA:85,2
DA:86,2
DA:89,2
DA:90,1
DA:94,3
DA:97,3
DA:98,2
DA:99,2
DA:100,2
DA:101,2
DA:104,1
LF:37
LH:35
BRDA:49,0,0,2
BRDA:49,0,1,0
BRDA:64,1,0,1
BRDA:64,1,1,0
BRDA:68,2,0,0
BRDA:68,2,1,1
BRDA:72,3,0,0
BRDA:72,3,1,1
BRDA:76,4,0,0
BRDA:76,4,1,1
BRDA:80,5,0,0
BRDA:80,5,1,2
BRDA:82,6,0,1
BRDA:82,6,1,1
BRDA:85,7,0,0
BRDA:85,7,1,2
BRDA:89,8,0,1
BRDA:89,8,1,1
BRDA:94,9,0,0
BRDA:94,9,1,3
BRDA:97,10,0,2
BRDA:97,10,1,1
BRDA:97,11,0,3
BRDA:97,11,1,3
BRF:24
BRH:16
end_of_record
